<?xml version="1.0" encoding="UTF-8"?>
<!-- Generated by org.testng.reporters.JUnitReportReporter -->
<testsuite skipped="0" hostname="WKWIN9370960" name="com.w2a.testcases.HomePageTest" tests="1" failures="0" timestamp="30 Dec 2019 19:29:15 GMT" time="9.383" errors="0">
  <testcase name="searchOnGooglePage" time="9.383" classname="com.w2a.testcases.HomePageTest"/>
</testsuite> <!-- com.w2a.testcases.HomePageTest -->
